<?xml version="1.0" encoding="UTF-8"?>
<!-- Generated by org.testng.reporters.JUnitXMLReporter -->
<testsuite hostname="iris-csg-672" ignored="0" name="RMS-1" tests="5" failures="0" timestamp="06 Jul 2019 05:39:36 GMT" time="76.36" errors="0">
  <testcase name="loginPageTitleTest" time="0.053" classname="com.rms.test.TestLogin"/>
  <testcase name="verifyHomePageTitleTest" time="0.009" classname="com.rms.test.TestHome"/>
  <testcase name="RMSLogoImageTest" time="0.055" classname="com.rms.test.TestLogin"/>
  <testcase name="verifyUserNameTest" time="2.889" classname="com.rms.test.TestHome"/>
  <testcase name="loginTest" time="0.412" classname="com.rms.test.TestLogin"/>
</testsuite> <!-- RMS-1 -->
