<?xml version="1.0" encoding="UTF-8"?>
<testng-results ignored="0" total="1" passed="1" failed="0" skipped="0">
  <reporter-output>
  </reporter-output>
  <suite started-at="2020-10-03T14:33:27Z" name="Default suite" finished-at="2020-10-03T14:39:36Z" duration-ms="368873">
    <groups>
    </groups>
    <test started-at="2020-10-03T14:33:27Z" name="Default test" finished-at="2020-10-03T14:39:36Z" duration-ms="368873">
      <class name="com.rms.test.OrderManagement">
        <test-method signature="setUp()[pri:0, instance:com.rms.test.OrderManagement@4ef782af]" started-at="2020-10-03T14:33:27Z" name="setUp" finished-at="2020-10-03T14:39:36Z" duration-ms="368784" status="PASS">
          <reporter-output>
          </reporter-output>
        </test-method> <!-- setUp -->
      </class> <!-- com.rms.test.OrderManagement -->
    </test> <!-- Default test -->
  </suite> <!-- Default suite -->
</testng-results>
